fm_matrix_rows:6144; fm_matrix_columns:1887;
Singular vector:
3.502987e+00
2.850014e+00
2.541215e+00
2.371912e+00
2.302200e+00
2.273185e+00
2.236534e+00
2.209899e+00
2.193101e+00
2.182310e+00
2.134361e+00
2.104652e+00
2.086584e+00
2.073607e+00
2.062800e+00
2.055668e+00
2.027646e+00
2.024206e+00
2.003921e+00
1.980656e+00
1.960436e+00
1.949819e+00
1.942354e+00
1.929930e+00
1.919053e+00
1.887904e+00
1.885901e+00
1.882284e+00
1.876912e+00
1.864352e+00
1.857088e+00
1.849657e+00
1.837269e+00
1.828887e+00
1.826006e+00
1.822600e+00
1.815349e+00
1.805591e+00
1.803777e+00
1.794193e+00
1.788767e+00
1.786340e+00
1.783186e+00
1.781522e+00
1.774057e+00
1.769174e+00
1.763962e+00
1.752703e+00
1.749000e+00
1.746901e+00
1.741367e+00
1.738682e+00
1.737532e+00
1.734132e+00
1.729435e+00
1.726860e+00
1.724256e+00
1.720931e+00
1.720474e+00
1.715759e+00
1.711454e+00
1.708948e+00
1.707548e+00
1.707329e+00
1.703951e+00
1.702487e+00
1.700324e+00
1.698375e+00
1.697031e+00
1.695001e+00
1.693585e+00
1.690987e+00
1.689450e+00
1.687236e+00
1.685980e+00
1.685490e+00
1.683679e+00
1.681680e+00
1.681459e+00
1.679180e+00
1.678330e+00
1.676821e+00
1.676183e+00
1.673947e+00
1.671780e+00
1.671000e+00
1.670310e+00
1.667738e+00
1.667324e+00
1.666309e+00
1.665370e+00
1.663895e+00
1.662061e+00
1.661714e+00
1.660427e+00
1.659636e+00
1.658439e+00
1.657206e+00
1.656578e+00
1.654748e+00
1.653363e+00
1.652353e+00
1.651329e+00
1.649295e+00
1.648270e+00
1.647228e+00
1.646654e+00
1.645326e+00
1.644819e+00
1.643778e+00
1.642593e+00
1.641546e+00
1.640497e+00
1.639988e+00
1.639085e+00
1.637681e+00
1.636638e+00
1.635428e+00
1.634268e+00
1.633700e+00
1.632101e+00
1.631791e+00
1.630367e+00
1.629476e+00
1.628178e+00
1.626957e+00
1.626487e+00
1.625848e+00
1.625205e+00
1.624754e+00
1.623321e+00
1.622764e+00
1.620195e+00
1.619925e+00
1.619146e+00
1.618357e+00
1.617557e+00
1.616353e+00
1.615345e+00
1.614806e+00
1.613515e+00
1.613181e+00
1.612212e+00
1.611021e+00
1.610584e+00
1.609320e+00
1.608671e+00
1.608088e+00
1.606936e+00
1.605973e+00
1.605566e+00
1.603543e+00
1.602824e+00
1.601182e+00
1.600483e+00
1.599746e+00
1.598747e+00
1.597803e+00
1.596319e+00
1.595793e+00
1.594724e+00
1.594260e+00
1.592697e+00
1.591358e+00
1.590335e+00
1.589992e+00
1.589560e+00
1.588434e+00
1.588023e+00
1.586437e+00
1.585654e+00
1.584941e+00
1.583539e+00
1.582251e+00
1.581633e+00
1.580730e+00
1.580334e+00
1.576982e+00
1.576890e+00
1.575478e+00
1.575121e+00
1.574296e+00
1.572800e+00
1.572549e+00
1.571497e+00
1.570335e+00
1.568805e+00
1.568280e+00
1.566553e+00
1.564884e+00
1.564198e+00
1.562816e+00
1.562062e+00
1.561705e+00
1.559743e+00
1.558219e+00
1.558125e+00
1.557485e+00
1.556291e+00
1.555279e+00
1.554378e+00
1.553695e+00
1.551818e+00
1.551483e+00
1.550362e+00
1.548619e+00
1.548159e+00
1.546904e+00
1.546103e+00
1.545585e+00
1.543871e+00
1.543087e+00
1.541914e+00
1.541397e+00
1.540301e+00
1.540001e+00
1.538093e+00
1.537135e+00
1.535832e+00
1.535046e+00
1.532783e+00
1.531358e+00
1.530608e+00
1.529100e+00
1.528830e+00
1.528171e+00
1.524984e+00
1.524155e+00
1.523386e+00
1.521977e+00
1.521478e+00
1.519755e+00
1.519209e+00
1.518710e+00
1.516838e+00
1.515362e+00
1.513869e+00
1.513290e+00
1.512491e+00
1.511753e+00
1.510469e+00
1.509752e+00
1.508640e+00
1.507941e+00
1.506807e+00
1.506066e+00
1.503599e+00
1.502232e+00
1.500966e+00
1.499311e+00
1.498772e+00
1.498161e+00
1.496388e+00
1.495617e+00
1.494644e+00
1.491796e+00
1.490257e+00
1.488701e+00
1.488391e+00
1.486816e+00
1.486201e+00
1.485288e+00
1.484120e+00
1.483191e+00
1.481857e+00
1.480423e+00
1.478484e+00
1.477732e+00
1.476799e+00
1.475544e+00
1.475322e+00
1.474424e+00
1.472589e+00
1.470196e+00
1.467717e+00
1.467256e+00
1.466333e+00
1.465191e+00
1.463081e+00
1.462231e+00
1.461709e+00
1.460919e+00
1.459527e+00
1.458255e+00
1.457242e+00
1.455666e+00
1.455104e+00
1.454201e+00
1.452114e+00
1.449955e+00
1.449234e+00
1.448444e+00
1.445597e+00
1.444680e+00
1.443733e+00
1.443031e+00
1.439455e+00
1.438365e+00
1.438346e+00
1.436406e+00
1.433971e+00
1.432721e+00
1.432117e+00
1.430512e+00
1.428980e+00
1.428439e+00
1.427704e+00
1.425853e+00
1.424341e+00
1.423727e+00
1.421052e+00
1.420245e+00
1.418975e+00
1.418594e+00
1.417331e+00
1.415477e+00
1.413723e+00
1.411439e+00
1.410759e+00
1.409662e+00
1.408674e+00
1.407211e+00
1.405747e+00
1.403929e+00
1.403552e+00
1.401413e+00
1.400918e+00
1.398280e+00
1.396358e+00
1.395408e+00
1.393993e+00
1.391898e+00
1.391250e+00
1.390315e+00
1.387919e+00
1.386083e+00
1.385919e+00
1.384058e+00
1.383309e+00
1.382935e+00
1.379890e+00
1.377805e+00
1.376071e+00
1.374950e+00
1.373720e+00
1.371959e+00
1.371668e+00
1.368953e+00
1.368468e+00
1.366439e+00
1.365834e+00
1.365076e+00
1.363696e+00
1.362269e+00
1.359792e+00
1.358323e+00
1.358060e+00
1.355025e+00
1.353407e+00
1.352178e+00
1.351486e+00
1.348409e+00
1.347651e+00
1.345644e+00
1.344681e+00
1.343892e+00
1.342920e+00
1.342060e+00
1.339723e+00
1.339303e+00
1.337578e+00
1.336327e+00
1.334775e+00
1.333397e+00
1.331709e+00
1.329782e+00
1.328594e+00
1.326944e+00
1.325254e+00
1.322602e+00
1.321220e+00
1.320426e+00
1.318821e+00
1.318086e+00
1.317033e+00
1.315907e+00
1.314258e+00
1.313439e+00
1.312335e+00
1.309245e+00
1.307652e+00
1.306747e+00
1.304892e+00
1.304258e+00
1.300969e+00
1.298672e+00
1.297347e+00
1.295430e+00
1.294004e+00
1.292773e+00
1.291192e+00
1.290220e+00
1.289586e+00
1.288306e+00
1.284780e+00
1.284018e+00
1.282839e+00
1.280908e+00
1.279587e+00
1.276836e+00
1.275000e+00
1.274259e+00
1.273004e+00
1.270974e+00
1.270104e+00
1.268959e+00
1.267087e+00
1.266028e+00
1.264577e+00
1.262849e+00
1.260721e+00
1.258842e+00
1.258110e+00
1.256102e+00
1.254959e+00
1.253779e+00
1.252788e+00
1.250033e+00
1.249017e+00
1.247772e+00
1.246258e+00
1.244509e+00
1.243362e+00
1.242368e+00
1.240356e+00
1.239110e+00
1.237565e+00
1.236807e+00
1.235115e+00
1.232629e+00
1.230501e+00
1.229885e+00
1.227639e+00
1.226339e+00
1.223945e+00
1.222089e+00
1.220286e+00
1.219208e+00
1.217572e+00
1.216292e+00
1.214950e+00
1.214295e+00
1.211850e+00
1.211033e+00
1.209251e+00
1.206987e+00
1.204757e+00
1.204412e+00
1.201718e+00
1.200936e+00
1.198694e+00
1.197486e+00
1.195862e+00
1.194216e+00
1.192791e+00
1.191088e+00
1.187899e+00
1.184549e+00
1.183732e+00
1.182722e+00
1.180697e+00
1.179007e+00
1.178437e+00
1.177591e+00
1.174605e+00
1.173250e+00
1.172143e+00
1.169608e+00
1.168053e+00
1.165237e+00
1.165085e+00
1.163516e+00
1.161850e+00
1.159865e+00
1.159035e+00
1.156497e+00
1.155252e+00
1.153948e+00
1.151472e+00
1.149696e+00
1.148637e+00
1.147480e+00
1.146395e+00
1.144819e+00
1.142777e+00
1.141135e+00
1.138230e+00
1.137200e+00
1.135640e+00
1.133850e+00
1.131474e+00
1.130096e+00
1.127240e+00
1.126797e+00
1.126108e+00
1.124748e+00
1.122698e+00
1.122531e+00
1.121152e+00
1.116738e+00
1.114969e+00
1.112700e+00
1.111928e+00
1.110257e+00
1.107417e+00
1.106531e+00
1.104888e+00
1.102173e+00
1.101275e+00
1.099247e+00
1.098358e+00
1.096160e+00
1.095953e+00
1.093723e+00
1.090746e+00
1.088656e+00
1.087379e+00
1.085832e+00
1.084399e+00
1.083325e+00
1.081522e+00
1.079992e+00
1.076650e+00
1.075605e+00
1.074340e+00
1.073591e+00
1.070685e+00
1.070161e+00
1.067921e+00
1.066760e+00
1.066043e+00
1.061032e+00
1.059509e+00
1.058324e+00
1.057631e+00
1.056428e+00
1.054860e+00
1.053106e+00
1.049649e+00
1.048266e+00
1.046164e+00
1.043979e+00
1.043209e+00
1.041355e+00
1.040143e+00
1.039303e+00
1.036650e+00
1.035319e+00
1.033693e+00
1.031810e+00
1.031195e+00
1.029269e+00
1.025688e+00
1.024081e+00
1.022551e+00
1.021944e+00
1.019437e+00
1.017846e+00
1.015465e+00
1.014275e+00
1.010734e+00
1.009788e+00
1.009070e+00
1.006351e+00
1.004333e+00
1.003722e+00
1.001442e+00
9.986354e-01
9.977312e-01
9.962267e-01
9.926904e-01
9.907502e-01
9.879672e-01
9.878464e-01
9.858284e-01
9.854768e-01
9.837727e-01
9.820334e-01
9.790220e-01
9.785221e-01
9.771624e-01
9.758801e-01
9.757879e-01
9.745491e-01
9.715734e-01
9.711656e-01
9.706272e-01
9.686618e-01
9.666826e-01
9.633115e-01
9.599231e-01
9.588831e-01
9.586239e-01
9.561173e-01
9.538509e-01
9.526726e-01
9.502101e-01
9.483583e-01
9.451325e-01
9.436757e-01
9.425990e-01
9.412690e-01
9.378676e-01
9.368537e-01
9.361213e-01
9.333254e-01
9.323490e-01
9.309917e-01
9.298650e-01
9.286197e-01
9.253085e-01
9.235918e-01
9.222459e-01
9.213633e-01
9.196052e-01
9.184400e-01
9.172613e-01
9.157301e-01
9.130860e-01
9.117320e-01
9.112398e-01
9.085583e-01
9.068344e-01
9.050693e-01
9.028524e-01
9.016356e-01
9.012562e-01
8.997565e-01
8.974378e-01
8.952689e-01
8.945125e-01
8.936706e-01
8.886246e-01
8.881659e-01
8.858635e-01
8.847872e-01
8.834109e-01
8.808724e-01
8.796092e-01
8.771783e-01
8.750014e-01
8.737659e-01
8.717708e-01
8.705619e-01
8.693591e-01
8.672203e-01
8.646756e-01
8.630450e-01
8.601420e-01
8.589376e-01
8.576542e-01
8.551696e-01
8.542647e-01
8.525681e-01
8.509148e-01
8.491835e-01
8.483139e-01
8.433625e-01
8.425558e-01
8.414374e-01
8.397581e-01
8.380215e-01
8.376691e-01
8.354203e-01
8.322201e-01
8.319730e-01
8.303000e-01
8.284929e-01
8.271097e-01
8.249756e-01
8.224754e-01
8.184277e-01
8.180849e-01
8.163870e-01
8.152473e-01
8.137469e-01
8.117824e-01
8.109453e-01
8.096698e-01
8.079590e-01
8.071271e-01
8.052280e-01
8.030645e-01
8.028030e-01
8.014993e-01
7.983991e-01
7.971632e-01
7.956349e-01
7.946148e-01
7.926726e-01
7.920221e-01
7.891181e-01
7.882613e-01
7.870716e-01
7.851325e-01
7.831003e-01
7.814414e-01
7.798725e-01
7.768678e-01
7.765371e-01
7.764293e-01
7.746224e-01
7.707775e-01
7.694215e-01
7.673998e-01
7.664230e-01
7.637707e-01
7.630971e-01
7.622175e-01
7.575187e-01
7.556080e-01
7.545282e-01
7.521696e-01
7.512798e-01
7.487482e-01
7.469025e-01
7.460064e-01
7.443972e-01
7.420337e-01
7.414232e-01
7.408509e-01
7.383034e-01
7.364249e-01
7.351635e-01
7.327214e-01
7.318983e-01
7.301294e-01
7.275720e-01
7.267832e-01
7.251089e-01
7.247972e-01
7.228128e-01
7.195755e-01
7.191310e-01
7.178444e-01
7.162536e-01
7.144748e-01
7.139787e-01
7.129740e-01
7.080866e-01
7.058574e-01
7.046530e-01
7.040936e-01
7.019456e-01
7.011407e-01
6.997547e-01
6.969387e-01
6.957117e-01
6.924560e-01
6.918779e-01
6.903746e-01
6.895686e-01
6.879264e-01
6.866761e-01
6.851278e-01
6.822883e-01
6.791158e-01
6.782392e-01
6.769395e-01
6.758131e-01
6.738056e-01
6.729622e-01
6.712603e-01
6.694198e-01
6.666918e-01
6.665947e-01
6.647190e-01
6.624825e-01
6.610476e-01
6.608927e-01
6.594427e-01
6.554701e-01
6.549974e-01
6.543762e-01
6.537785e-01
6.523952e-01
6.496545e-01
6.488131e-01
6.469962e-01
6.455722e-01
6.408405e-01
6.406165e-01
6.384259e-01
6.369881e-01
6.351009e-01
6.339252e-01
6.332781e-01
6.315625e-01
6.303856e-01
6.294228e-01
6.282005e-01
6.263204e-01
6.239127e-01
6.228566e-01
6.207550e-01
6.188465e-01
6.175988e-01
6.173097e-01
6.160038e-01
6.128565e-01
6.115110e-01
6.094288e-01
6.084726e-01
6.076323e-01
6.049655e-01
6.045992e-01
6.012703e-01
6.006794e-01
5.996931e-01
5.996304e-01
5.976618e-01
5.956551e-01
5.933162e-01
5.926238e-01
5.901279e-01
5.892147e-01
5.867940e-01
5.861424e-01
5.836708e-01
5.821894e-01
5.792583e-01
5.782044e-01
5.777171e-01
5.766332e-01
5.739618e-01
5.736029e-01
5.710700e-01
5.706025e-01
5.697321e-01
5.679868e-01
5.643886e-01
5.625564e-01
5.618568e-01
5.613220e-01
5.597849e-01
5.583342e-01
5.572014e-01
5.545654e-01
5.531755e-01
5.516033e-01
5.507757e-01
5.502489e-01
5.482749e-01
5.478997e-01
5.462705e-01
5.430891e-01
5.406979e-01
5.401426e-01
5.373484e-01
5.365973e-01
5.348608e-01
5.337427e-01
5.321438e-01
5.307844e-01
5.283436e-01
5.276153e-01
5.268169e-01
5.257726e-01
5.231790e-01
5.222844e-01
5.204974e-01
5.202518e-01
5.182302e-01
5.173169e-01
5.154785e-01
5.140072e-01
5.123363e-01
5.114621e-01
5.106417e-01
5.093906e-01
5.086928e-01
5.080225e-01
5.065652e-01
5.047618e-01
5.037130e-01
5.022575e-01
5.006363e-01
5.000324e-01
4.986167e-01
4.959261e-01
4.952215e-01
4.937918e-01
4.922620e-01
4.908602e-01
4.891044e-01
4.878667e-01
4.876948e-01
4.866840e-01
4.848117e-01
4.829923e-01
4.811744e-01
4.794433e-01
4.781750e-01
4.768833e-01
4.754243e-01
4.747965e-01
4.737974e-01
4.727351e-01
4.709585e-01
4.692223e-01
4.688686e-01
4.678855e-01
4.660056e-01
4.633969e-01
4.626091e-01
4.617985e-01
4.606984e-01
4.593260e-01
4.579725e-01
4.569887e-01
4.562658e-01
4.554528e-01
4.538068e-01
4.526060e-01
4.519157e-01
4.500241e-01
4.486149e-01
4.476421e-01
4.452726e-01
4.443836e-01
4.436450e-01
4.413053e-01
4.399935e-01
4.387221e-01
4.381218e-01
4.367526e-01
4.354384e-01
4.347507e-01
4.328266e-01
4.320343e-01
4.307488e-01
4.292965e-01
4.288458e-01
4.269770e-01
4.248327e-01
4.239128e-01
4.225551e-01
4.196853e-01
4.190005e-01
4.178639e-01
4.173100e-01
4.154342e-01
4.148510e-01
4.126720e-01
4.112933e-01
4.094447e-01
4.089381e-01
4.075599e-01
4.064059e-01
4.054173e-01
4.048543e-01
4.037659e-01
4.036483e-01
4.024358e-01
4.010831e-01
4.003124e-01
3.974619e-01
3.966759e-01
3.964915e-01
3.957483e-01
3.932547e-01
3.927553e-01
3.912126e-01
3.896597e-01
3.884957e-01
3.873855e-01
3.869607e-01
3.845737e-01
3.839114e-01
3.827840e-01
3.814234e-01
3.801958e-01
3.793783e-01
3.781604e-01
3.771398e-01
3.753170e-01
3.737263e-01
3.730304e-01
3.713579e-01
3.710096e-01
3.692916e-01
3.686297e-01
3.677143e-01
3.667429e-01
3.663295e-01
3.656053e-01
3.645432e-01
3.626571e-01
3.611736e-01
3.605837e-01
3.580562e-01
3.566029e-01
3.562848e-01
3.549779e-01
3.537249e-01
3.529808e-01
3.521902e-01
3.515365e-01
3.506156e-01
3.498034e-01
3.473823e-01
3.468631e-01
3.455225e-01
3.448876e-01
3.442350e-01
3.432276e-01
3.412441e-01
3.409599e-01
3.398372e-01
3.382771e-01
3.372256e-01
3.369903e-01
3.354814e-01
3.348634e-01
3.320888e-01
3.312660e-01
3.300412e-01
3.295103e-01
3.284171e-01
3.279809e-01
3.268612e-01
3.261585e-01
3.257406e-01
3.243832e-01
3.240480e-01
3.237642e-01
3.223857e-01
3.218651e-01
3.193832e-01
3.183671e-01
3.177393e-01
3.165840e-01
3.163998e-01
3.155622e-01
3.145751e-01
3.129061e-01
3.120549e-01
3.105939e-01
3.100073e-01
3.096010e-01
3.087077e-01
3.082148e-01
3.071883e-01
3.058542e-01
3.050458e-01
3.033761e-01
3.027261e-01
3.018683e-01
3.012764e-01
3.007000e-01
2.999588e-01
2.981886e-01
2.971820e-01
2.966351e-01
2.961411e-01
2.943737e-01
2.941911e-01
2.934115e-01
2.918050e-01
2.909672e-01
2.903754e-01
2.885985e-01
2.881321e-01
2.877926e-01
2.869782e-01
2.856261e-01
2.847921e-01
2.837273e-01
2.823592e-01
2.816461e-01
2.813728e-01
2.808180e-01
2.794922e-01
2.788937e-01
2.784457e-01
2.766391e-01
2.764738e-01
2.754288e-01
2.747528e-01
2.742554e-01
2.739207e-01
2.725050e-01
2.718369e-01
2.710882e-01
2.693137e-01
2.686873e-01
2.680578e-01
2.672223e-01
2.669580e-01
2.659593e-01
2.653310e-01
2.645404e-01
2.641899e-01
2.629387e-01
2.620321e-01
2.615496e-01
2.605957e-01
2.598626e-01
2.593094e-01
2.588677e-01
2.576456e-01
2.573958e-01
2.569162e-01
2.562589e-01
2.552538e-01
2.535360e-01
2.524760e-01
2.523281e-01
2.518224e-01
2.515475e-01
2.505554e-01
2.499449e-01
2.495115e-01
2.488286e-01
2.478104e-01
2.470646e-01
2.462292e-01
2.458577e-01
2.444710e-01
2.437072e-01
2.429569e-01
2.423499e-01
2.421085e-01
2.412540e-01
2.400457e-01
2.394182e-01
2.389174e-01
2.386555e-01
2.382911e-01
2.368869e-01
2.360800e-01
2.357949e-01
2.349934e-01
2.343097e-01
2.335374e-01
2.332455e-01
2.324211e-01
2.318674e-01
2.314671e-01
2.311792e-01
2.307800e-01
2.302966e-01
2.291371e-01
2.286353e-01
2.282440e-01
2.275780e-01
2.268067e-01
2.260411e-01
2.258078e-01
2.254034e-01
2.244717e-01
2.242436e-01
2.238699e-01
2.230210e-01
2.222741e-01
2.217979e-01
2.211389e-01
2.207439e-01
2.196898e-01
2.193185e-01
2.191353e-01
2.185699e-01
2.177320e-01
2.175132e-01
2.171955e-01
2.166878e-01
2.159762e-01
2.156871e-01
2.154523e-01
2.146811e-01
2.141376e-01
2.130549e-01
2.129876e-01
2.125747e-01
2.119457e-01
2.113529e-01
2.111820e-01
2.105841e-01
2.105435e-01
2.099846e-01
2.094875e-01
2.087413e-01
2.086760e-01
2.080763e-01
2.075537e-01
2.071496e-01
2.067767e-01
2.065560e-01
2.060974e-01
2.053938e-01
2.050521e-01
2.045437e-01
2.039611e-01
2.037424e-01
2.034714e-01
2.030679e-01
2.025188e-01
2.023410e-01
2.016267e-01
2.012716e-01
2.010534e-01
2.008432e-01
2.002626e-01
2.000355e-01
1.995950e-01
1.991988e-01
1.984529e-01
1.981110e-01
1.974072e-01
1.972893e-01
1.964788e-01
1.962002e-01
1.957824e-01
1.947255e-01
1.945105e-01
1.936260e-01
1.935594e-01
1.932092e-01
1.926797e-01
1.923269e-01
1.919695e-01
1.918410e-01
1.908823e-01
1.899981e-01
1.896619e-01
1.889908e-01
1.888664e-01
1.877680e-01
1.875157e-01
1.869897e-01
1.858871e-01
1.846314e-01
1.841520e-01
1.827923e-01
1.813519e-01
1.804076e-01
1.780026e-01
1.779620e-01
1.756063e-01
1.739991e-01
1.731495e-01
1.718248e-01
1.705583e-01
1.701069e-01
1.694630e-01
1.661142e-01
1.654523e-01
1.641487e-01
1.612699e-01
1.591949e-01
1.578279e-01
1.572433e-01
1.563903e-01
1.550885e-01
1.510095e-01
1.495785e-01
1.485256e-01
1.483212e-01
1.461180e-01
1.442448e-01
1.405413e-01
1.394764e-01
1.383922e-01
1.365331e-01
1.359501e-01
1.334225e-01
1.329165e-01
1.285110e-01
1.279336e-01
1.261097e-01
1.250992e-01
1.234717e-01
1.223693e-01
1.214669e-01
1.197074e-01
1.174286e-01
1.158452e-01
1.154065e-01
1.142709e-01
1.126561e-01
1.102522e-01
1.096730e-01
1.076151e-01
1.069553e-01
1.032863e-01
1.028611e-01
1.023126e-01
1.005284e-01
9.898306e-02
9.786918e-02
9.494819e-02
9.452328e-02
9.297433e-02
9.269165e-02
9.118339e-02
8.965235e-02
8.879529e-02
8.557818e-02
8.364648e-02
8.208051e-02
8.053791e-02
7.947926e-02
7.901951e-02
7.767014e-02
7.600530e-02
7.402523e-02
7.235875e-02
7.168090e-02
7.142457e-02
7.050349e-02
7.024171e-02
6.910431e-02
6.721186e-02
6.546612e-02
6.514948e-02
6.475224e-02
6.198620e-02
6.162444e-02
6.050472e-02
5.987633e-02
5.793688e-02
5.752466e-02
5.696793e-02
5.521578e-02
5.452838e-02
5.425333e-02
5.315583e-02
5.275111e-02
5.159179e-02
4.945854e-02
4.811507e-02
4.771127e-02
4.716279e-02
4.626904e-02
4.471467e-02
4.436736e-02
4.355759e-02
4.335004e-02
4.164244e-02
4.104687e-02
3.902891e-02
3.837397e-02
3.823562e-02
3.742829e-02
3.668611e-02
3.614104e-02
3.554299e-02
3.528460e-02
3.350218e-02
3.294278e-02
3.240551e-02
3.153555e-02
3.147144e-02
3.060406e-02
3.001921e-02
2.890870e-02
2.821993e-02
2.744146e-02
2.694647e-02
2.670026e-02
2.596303e-02
2.466997e-02
2.424615e-02
2.398280e-02
2.326709e-02
2.294849e-02
2.241643e-02
2.123737e-02
2.092730e-02
2.035423e-02
1.974964e-02
1.909398e-02
1.875134e-02
1.840293e-02
1.830092e-02
1.770323e-02
1.740661e-02
1.685019e-02
1.653045e-02
1.586440e-02
1.512254e-02
1.410666e-02
1.359694e-02
1.331252e-02
1.280455e-02
1.254689e-02
1.214196e-02
1.121697e-02
1.076214e-02
1.050894e-02
1.020457e-02
9.761814e-03
9.329231e-03
8.815973e-03
8.518991e-03
8.297817e-03
7.838245e-03
7.303544e-03
7.204484e-03
6.945232e-03
6.456499e-03
6.088026e-03
5.708310e-03
5.251647e-03
5.130771e-03
4.660960e-03
4.357590e-03
4.102406e-03
3.570088e-03
3.437779e-03
3.346804e-03
3.197162e-03
2.897708e-03
2.730982e-03
2.613370e-03
2.436193e-03
2.140579e-03
1.936411e-03
1.857349e-03
1.568163e-03
1.513487e-03
1.419850e-03
1.224713e-03
1.095440e-03
1.028704e-03
8.823820e-04
7.542143e-04
6.683575e-04
6.337018e-04
5.076117e-04
4.593327e-04
4.205160e-04
3.869918e-04
3.104709e-04
2.128813e-04
2.017639e-04
1.834479e-04
1.452147e-04
1.220036e-04
8.574129e-05
7.892791e-05
6.521291e-05
6.189847e-05
4.016991e-05
2.973095e-05
2.266203e-05
1.839720e-05
1.640876e-05
1.061915e-05
2.129648e-06
4.962817e-07
2.177343e-07
1.957647e-07
5.172126e-08
3.461834e-08
1.005823e-08
3.300815e-09
1.742515e-09
1.247847e-09
1.248745e-14
2.323994e-15
2.306552e-15
2.234396e-15
2.225188e-15
2.202616e-15
2.193587e-15
2.180330e-15
2.148479e-15
2.129053e-15
2.124230e-15
2.110622e-15
2.080592e-15
2.069876e-15
2.062666e-15
2.044472e-15
2.030407e-15
2.029967e-15
2.020310e-15
2.005062e-15
1.988792e-15
1.983065e-15
1.955646e-15
1.947073e-15
1.925306e-15
1.922292e-15
1.918411e-15
1.916755e-15
1.906865e-15
1.890106e-15
1.872512e-15
1.867597e-15
1.864662e-15
1.852679e-15
1.841895e-15
1.834713e-15
1.825493e-15
1.810604e-15
1.800688e-15
1.800467e-15
1.790378e-15
1.778459e-15
1.772621e-15
1.764170e-15
1.753163e-15
1.752883e-15
1.746181e-15
1.738909e-15
1.730907e-15
1.719181e-15
1.714720e-15
1.712237e-15
1.701799e-15
1.681744e-15
1.676547e-15
1.671229e-15
1.661588e-15
1.657579e-15
1.646535e-15
1.644127e-15
1.638830e-15
1.623350e-15
1.611428e-15
1.610087e-15
1.607417e-15
1.605777e-15
1.592921e-15
1.584734e-15
1.577500e-15
1.575994e-15
1.562932e-15
1.562896e-15
1.548445e-15
1.548445e-15
1.548428e-15
1.547409e-15
1.538753e-15
1.538306e-15
1.528827e-15
1.523552e-15
1.519992e-15
1.511280e-15
1.491951e-15
1.486223e-15
1.479688e-15
1.474853e-15
1.472089e-15
1.466864e-15
1.458989e-15
1.458031e-15
1.449746e-15
1.438986e-15
1.433073e-15
1.417796e-15
1.416675e-15
1.403934e-15
1.403215e-15
1.401479e-15
1.386933e-15
1.386330e-15
1.385883e-15
1.384515e-15
1.383038e-15
1.364060e-15
1.361188e-15
1.349249e-15
1.347765e-15
1.347389e-15
1.336365e-15
1.322494e-15
1.322101e-15
1.321261e-15
1.313479e-15
1.310594e-15
1.301719e-15
1.295700e-15
1.286855e-15
1.286752e-15
1.285720e-15
1.276534e-15
1.272645e-15
1.263653e-15
1.252516e-15
1.247792e-15
1.242653e-15
1.234598e-15
1.231627e-15
1.230543e-15
1.226648e-15
1.219753e-15
1.213737e-15
1.209935e-15
1.198941e-15
1.191676e-15
1.191635e-15
1.183979e-15
1.178868e-15
1.171420e-15
1.165216e-15
1.165012e-15
1.161462e-15
1.148843e-15
1.148660e-15
1.148186e-15
1.143322e-15
1.135765e-15
1.134785e-15
1.133975e-15
1.127285e-15
1.116265e-15
1.114344e-15
1.102077e-15
1.097555e-15
1.093541e-15
1.093291e-15
1.083071e-15
1.073901e-15
1.068012e-15
1.064199e-15
1.062528e-15
1.058839e-15
1.056023e-15
1.052646e-15
1.046715e-15
1.042704e-15
1.037206e-15
1.028820e-15
1.024755e-15
1.021334e-15
1.016761e-15
1.016178e-15
1.000287e-15
9.996323e-16
9.904337e-16
9.831249e-16
9.791282e-16
9.742811e-16
9.712527e-16
9.704409e-16
9.659435e-16
9.599386e-16
9.529688e-16
9.451882e-16
9.442083e-16
9.425397e-16
9.398012e-16
9.316548e-16
9.289202e-16
9.152240e-16
9.119437e-16
9.072059e-16
9.039028e-16
8.999893e-16
8.927394e-16
8.876280e-16
8.831040e-16
8.793789e-16
8.751685e-16
8.738599e-16
8.648241e-16
8.620364e-16
8.568516e-16
8.544069e-16
8.528280e-16
8.473934e-16
8.419578e-16
8.401471e-16
8.354138e-16
8.303135e-16
8.247130e-16
8.194107e-16
8.161347e-16
8.110434e-16
8.042191e-16
7.982401e-16
7.939345e-16
7.905624e-16
7.889562e-16
7.883710e-16
7.809163e-16
7.799425e-16
7.776937e-16
7.711846e-16
7.683804e-16
7.648802e-16
7.544700e-16
7.502746e-16
7.383663e-16
7.347799e-16
7.297712e-16
7.258575e-16
7.175782e-16
7.174681e-16
7.165214e-16
7.157441e-16
7.101071e-16
7.032170e-16
6.990876e-16
6.943729e-16
6.930915e-16
6.916865e-16
6.886143e-16
6.776655e-16
6.756761e-16
6.713704e-16
6.708829e-16
6.632905e-16
6.586712e-16
6.572564e-16
6.486867e-16
6.485336e-16
6.472981e-16
6.370408e-16
6.329003e-16
6.315584e-16
6.290044e-16
6.192065e-16
6.173143e-16
6.160848e-16
6.077587e-16
6.056650e-16
5.977795e-16
5.969439e-16
5.947780e-16
5.902406e-16
5.883858e-16
5.805929e-16
5.780469e-16
5.741766e-16
5.727101e-16
5.684151e-16
5.626616e-16
5.546328e-16
5.520737e-16
5.454561e-16
5.449649e-16
5.437754e-16
5.377457e-16
5.306886e-16
5.240709e-16
5.197547e-16
5.196047e-16
5.134025e-16
5.065602e-16
5.022727e-16
4.982862e-16
4.980806e-16
4.946220e-16
4.920438e-16
4.889658e-16
4.837695e-16
4.805730e-16
4.724796e-16
4.703772e-16
4.689423e-16
4.626813e-16
4.574116e-16
4.523358e-16
4.437743e-16
4.415318e-16
4.358065e-16
4.325322e-16
4.303210e-16
4.245310e-16
4.210670e-16
4.186954e-16
4.148490e-16
4.101412e-16
4.039133e-16
3.971689e-16
3.940567e-16
3.892012e-16
3.890102e-16
3.887847e-16
3.789512e-16
3.771280e-16
3.654870e-16
3.626738e-16
3.530178e-16
3.481274e-16
3.466788e-16
3.419162e-16
3.356377e-16
3.344050e-16
3.267755e-16
3.229548e-16
3.174431e-16
3.166925e-16
3.109847e-16
3.085724e-16
3.042306e-16
3.006405e-16
2.937928e-16
2.894962e-16
2.884166e-16
2.848131e-16
2.766194e-16
2.724092e-16
2.617294e-16
2.610414e-16
2.562026e-16
2.550460e-16
2.518306e-16
2.518306e-16
2.518306e-16
2.518306e-16
2.518306e-16
2.518306e-16
2.518306e-16
2.518306e-16
2.518306e-16
2.518306e-16
2.518306e-16
2.518306e-16
2.518306e-16
2.518306e-16
2.518306e-16
2.518306e-16
2.518306e-16
2.518306e-16
2.518306e-16
2.518306e-16
2.518306e-16
2.518306e-16
2.518306e-16
2.518306e-16
2.518306e-16
2.518306e-16
2.467372e-16
2.379182e-16
2.376708e-16
2.345182e-16
2.283975e-16
2.185046e-16
2.141885e-16
2.118495e-16
2.081137e-16
2.031078e-16
1.943431e-16
1.904588e-16
1.855968e-16
1.855931e-16
1.743851e-16
1.682789e-16
1.641836e-16
1.608101e-16
1.599752e-16
1.558562e-16
1.492178e-16
1.455202e-16
1.411186e-16
1.353786e-16
1.344994e-16
1.324044e-16
1.247249e-16
1.211790e-16
1.113377e-16
1.063737e-16
1.061819e-16
9.873552e-17
9.636690e-17
9.224843e-17
8.525429e-17
8.046754e-17
7.952854e-17
6.859265e-17
6.167802e-17
5.452269e-17
5.070821e-17
4.597094e-17
3.689414e-17
3.161213e-17
2.655421e-17
2.518925e-17
1.908320e-17
1.211083e-17
8.912570e-19
5.958936e-21
