fm_matrix_rows:6144; fm_matrix_columns:83;
Singular vector:
3.481811e+00
2.881847e+00
2.573615e+00
2.243858e+00
2.023934e+00
1.789624e+00
1.724230e+00
1.688754e+00
1.660436e+00
1.588855e+00
1.516977e+00
1.467038e+00
1.436472e+00
1.360544e+00
1.355869e+00
1.301516e+00
1.290202e+00
1.231921e+00
1.188539e+00
1.178893e+00
1.116139e+00
1.091845e+00
1.035128e+00
1.020884e+00
9.610622e-01
9.377371e-01
9.107423e-01
8.432373e-01
8.308267e-01
7.572983e-01
7.274008e-01
6.964184e-01
6.522970e-01
6.184821e-01
5.650876e-01
5.282947e-01
5.125079e-01
4.828485e-01
4.405013e-01
4.211147e-01
3.826443e-01
3.711606e-01
3.496824e-01
3.305533e-01
3.115697e-01
2.951559e-01
2.610434e-01
2.335394e-01
2.297313e-01
2.117388e-01
1.963768e-01
1.859910e-01
1.650122e-01
1.568434e-01
1.395370e-01
1.329755e-01
1.229235e-01
1.178832e-01
1.057541e-01
9.525264e-02
8.751379e-02
8.355927e-02
7.244692e-02
6.761714e-02
6.070461e-02
5.862094e-02
5.143152e-02
4.674171e-02
4.262858e-02
3.711684e-02
3.319255e-02
3.032707e-02
2.682910e-02
2.391291e-02
2.260138e-02
1.992311e-02
1.865462e-02
1.730170e-02
1.644417e-02
1.384135e-02
7.883748e-03
7.348969e-05
1.139381e-21
